# JRE version: OpenJDK Runtime Environment (17.0.6) (build 17.0.6+0-b2043.56-9586694)
# Java VM: OpenJDK 64-Bit Server VM (17.0.6+0-b2043.56-9586694, mixed mode, tiered, compressed oops, compressed class ptrs, g1 gc, windows-amd64)
GC Precious Log:
 CPUs: 2 total, 2 available
 Memory: 7055M
 Large Page Support: Disabled
 NUMA Support: Disabled
 Compressed Oops: Enabled (32-bit)
 Heap Region Size: 1M
 Heap Min Capacity: 8M
 Heap Initial Capacity: 112M
 Heap Max Capacity: 2G
 Pre-touch: Disabled
 Parallel Workers: 2
 Concurrent Workers: 1
 Concurrent Refinement Workers: 2
 Periodic GC: Disabled
Heap:
 garbage-first heap   total 162816K, used 105872K [0x0000000080000000, 0x0000000100000000)
  region size 1024K, 11 young (11264K), 1 survivors (1024K)
 Metaspace       used 98393K, committed 99072K, reserved 1138688K
  class space    used 13269K, committed 13568K, reserved 1048576K
GC Heap History (20 events):
Event: 102.409 GC heap before
{Heap before GC invocations=62 (full 0):
 garbage-first heap   total 134144K, used 108214K [0x0000000080000000, 0x0000000100000000)
  region size 1024K, 36 young (36864K), 4 survivors (4096K)
 Metaspace       used 87144K, committed 87744K, reserved 1130496K
  class space    used 11809K, committed 12096K, reserved 1048576K
}
Event: 102.543 GC heap after
{Heap after GC invocations=63 (full 0):
 garbage-first heap   total 134144K, used 79226K [0x0000000080000000, 0x0000000100000000)
  region size 1024K, 4 young (4096K), 4 survivors (4096K)
 Metaspace       used 87144K, committed 87744K, reserved 1130496K
  class space    used 11809K, committed 12096K, reserved 1048576K
}
Event: 106.524 GC heap before
{Heap before GC invocations=63 (full 0):
 garbage-first heap   total 134144K, used 108922K [0x0000000080000000, 0x0000000100000000)
  region size 1024K, 33 young (33792K), 4 survivors (4096K)
 Metaspace       used 87229K, committed 87808K, reserved 1130496K
  class space    used 11816K, committed 12096K, reserved 1048576K
}
Event: 106.566 GC heap after
{Heap after GC invocations=64 (full 0):
 garbage-first heap   total 134144K, used 84528K [0x0000000080000000, 0x0000000100000000)
  region size 1024K, 5 young (5120K), 5 survivors (5120K)
 Metaspace       used 87229K, committed 87808K, reserved 1130496K
  class space    used 11816K, committed 12096K, reserved 1048576K
}
Event: 112.165 GC heap before
{Heap before GC invocations=65 (full 0):
 garbage-first heap   total 145408K, used 109104K [0x0000000080000000, 0x0000000100000000)
  region size 1024K, 29 young (29696K), 5 survivors (5120K)
 Metaspace       used 89099K, committed 89792K, reserved 1130496K
  class space    used 12152K, committed 12480K, reserved 1048576K
}
Event: 112.198 GC heap after
{Heap after GC invocations=66 (full 0):
 garbage-first heap   total 145408K, used 88628K [0x0000000080000000, 0x0000000100000000)
  region size 1024K, 4 young (4096K), 4 survivors (4096K)
 Metaspace       used 89099K, committed 89792K, reserved 1130496K
  class space    used 12152K, committed 12480K, reserved 1048576K
}
Event: 113.174 GC heap before
{Heap before GC invocations=66 (full 0):
 garbage-first heap   total 145408K, used 91700K [0x0000000080000000, 0x0000000100000000)
  region size 1024K, 7 young (7168K), 4 survivors (4096K)
 Metaspace       used 89394K, committed 89984K, reserved 1130496K
  class space    used 12209K, committed 12480K, reserved 1048576K
}
Event: 113.201 GC heap after
{Heap after GC invocations=67 (full 0):
 garbage-first heap   total 145408K, used 89171K [0x0000000080000000, 0x0000000100000000)
  region size 1024K, 1 young (1024K), 1 survivors (1024K)
 Metaspace       used 89394K, committed 89984K, reserved 1130496K
  class space    used 12209K, committed 12480K, reserved 1048576K
}
Event: 117.745 GC heap before
{Heap before GC invocations=67 (full 0):
 garbage-first heap   total 145408K, used 117843K [0x0000000080000000, 0x0000000100000000)
  region size 1024K, 29 young (29696K), 1 survivors (1024K)
 Metaspace       used 89636K, committed 90240K, reserved 1130496K
  class space    used 12213K, committed 12480K, reserved 1048576K
}
Event: 117.764 GC heap after
{Heap after GC invocations=68 (full 0):
 garbage-first heap   total 145408K, used 90842K [0x0000000080000000, 0x0000000100000000)
  region size 1024K, 3 young (3072K), 3 survivors (3072K)
 Metaspace       used 89636K, committed 90240K, reserved 1130496K
  class space    used 12213K, committed 12480K, reserved 1048576K
}
Event: 122.399 GC heap before
{Heap before GC invocations=69 (full 0):
 garbage-first heap   total 157696K, used 117466K [0x0000000080000000, 0x0000000100000000)
  region size 1024K, 30 young (30720K), 3 survivors (3072K)
 Metaspace       used 90071K, committed 90752K, reserved 1130496K
  class space    used 12248K, committed 12544K, reserved 1048576K
}
Event: 122.434 GC heap after
{Heap after GC invocations=70 (full 0):
 garbage-first heap   total 157696K, used 92913K [0x0000000080000000, 0x0000000100000000)
  region size 1024K, 4 young (4096K), 4 survivors (4096K)
 Metaspace       used 90071K, committed 90752K, reserved 1130496K
  class space    used 12248K, committed 12544K, reserved 1048576K
}
Event: 123.066 GC heap before
{Heap before GC invocations=70 (full 0):
 garbage-first heap   total 157696K, used 95985K [0x0000000080000000, 0x0000000100000000)
  region size 1024K, 7 young (7168K), 4 survivors (4096K)
 Metaspace       used 90095K, committed 90752K, reserved 1130496K
  class space    used 12248K, committed 12544K, reserved 1048576K
}
Event: 123.095 GC heap after
{Heap after GC invocations=71 (full 0):
 garbage-first heap   total 157696K, used 93099K [0x0000000080000000, 0x0000000100000000)
  region size 1024K, 1 young (1024K), 1 survivors (1024K)
 Metaspace       used 90095K, committed 90752K, reserved 1130496K
  class space    used 12248K, committed 12544K, reserved 1048576K
}
Event: 131.687 GC heap before
{Heap before GC invocations=71 (full 0):
 garbage-first heap   total 157696K, used 127915K [0x0000000080000000, 0x0000000100000000)
  region size 1024K, 36 young (36864K), 1 survivors (1024K)
 Metaspace       used 92865K, committed 93568K, reserved 1130496K
  class space    used 12513K, committed 12864K, reserved 1048576K
}
Event: 131.713 GC heap after
{Heap after GC invocations=72 (full 0):
 garbage-first heap   total 157696K, used 94850K [0x0000000080000000, 0x0000000100000000)
  region size 1024K, 3 young (3072K), 3 survivors (3072K)
 Metaspace       used 92865K, committed 93568K, reserved 1130496K
  class space    used 12513K, committed 12864K, reserved 1048576K
}
Event: 139.913 GC heap before
{Heap before GC invocations=73 (full 0):
 garbage-first heap   total 162816K, used 128642K [0x0000000080000000, 0x0000000100000000)
  region size 1024K, 37 young (37888K), 3 survivors (3072K)
 Metaspace       used 97681K, committed 98368K, reserved 1138688K
  class space    used 13164K, committed 13504K, reserved 1048576K
}
Event: 139.938 GC heap after
{Heap after GC invocations=74 (full 0):
 garbage-first heap   total 162816K, used 96459K [0x0000000080000000, 0x0000000100000000)
  region size 1024K, 4 young (4096K), 4 survivors (4096K)
 Metaspace       used 97681K, committed 98368K, reserved 1138688K
  class space    used 13164K, committed 13504K, reserved 1048576K
}
Event: 140.561 GC heap before
{Heap before GC invocations=74 (full 0):
 garbage-first heap   total 162816K, used 99531K [0x0000000080000000, 0x0000000100000000)
  region size 1024K, 7 young (7168K), 4 survivors (4096K)
 Metaspace       used 97855K, committed 98496K, reserved 1138688K
  class space    used 13178K, committed 13504K, reserved 1048576K
}
Event: 140.584 GC heap after
{Heap after GC invocations=75 (full 0):
 garbage-first heap   total 162816K, used 96656K [0x0000000080000000, 0x0000000100000000)
  region size 1024K, 1 young (1024K), 1 survivors (1024K)
 Metaspace       used 97855K, committed 98496K, reserved 1138688K
  class space    used 13178K, committed 13504K, reserved 1048576K
}

