# JRE version: OpenJDK Runtime Environment (17.0.6) (build 17.0.6+0-b2043.56-9586694)
# Java VM: OpenJDK 64-Bit Server VM (17.0.6+0-b2043.56-9586694, mixed mode, tiered, compressed oops, compressed class ptrs, g1 gc, windows-amd64)
GC Precious Log:
 CPUs: 2 total, 2 available
 Memory: 7055M
 Large Page Support: Disabled
 NUMA Support: Disabled
 Compressed Oops: Enabled (32-bit)
 Heap Region Size: 1M
 Heap Min Capacity: 8M
 Heap Initial Capacity: 112M
 Heap Max Capacity: 2G
 Pre-touch: Disabled
 Parallel Workers: 2
 Concurrent Workers: 1
 Concurrent Refinement Workers: 2
 Periodic GC: Disabled
Heap:
 garbage-first heap   total 112640K, used 79034K [0x0000000080000000, 0x0000000100000000)
  region size 1024K, 20 young (20480K), 2 survivors (2048K)
 Metaspace       used 65886K, committed 66432K, reserved 1114112K
  class space    used 8645K, committed 8896K, reserved 1048576K
GC Heap History (20 events):
Event: 44.962 GC heap before
{Heap before GC invocations=33 (full 0):
 garbage-first heap   total 83968K, used 48551K [0x0000000080000000, 0x0000000100000000)
  region size 1024K, 4 young (4096K), 2 survivors (2048K)
 Metaspace       used 52316K, committed 52800K, reserved 1097728K
  class space    used 6878K, committed 7104K, reserved 1048576K
}
Event: 44.966 GC heap after
{Heap after GC invocations=34 (full 0):
 garbage-first heap   total 83968K, used 50350K [0x0000000080000000, 0x0000000100000000)
  region size 1024K, 2 young (2048K), 2 survivors (2048K)
 Metaspace       used 52316K, committed 52800K, reserved 1097728K
  class space    used 6878K, committed 7104K, reserved 1048576K
}
Event: 45.900 GC heap before
{Heap before GC invocations=35 (full 0):
 garbage-first heap   total 89088K, used 58542K [0x0000000080000000, 0x0000000100000000)
  region size 1024K, 10 young (10240K), 2 survivors (2048K)
 Metaspace       used 53172K, committed 53568K, reserved 1097728K
  class space    used 6980K, committed 7168K, reserved 1048576K
}
Event: 45.912 GC heap after
{Heap after GC invocations=36 (full 0):
 garbage-first heap   total 89088K, used 52044K [0x0000000080000000, 0x0000000100000000)
  region size 1024K, 2 young (2048K), 2 survivors (2048K)
 Metaspace       used 53172K, committed 53568K, reserved 1097728K
  class space    used 6980K, committed 7168K, reserved 1048576K
}
Event: 46.999 GC heap before
{Heap before GC invocations=36 (full 0):
 garbage-first heap   total 89088K, used 61260K [0x0000000080000000, 0x0000000100000000)
  region size 1024K, 12 young (12288K), 2 survivors (2048K)
 Metaspace       used 54465K, committed 54912K, reserved 1097728K
  class space    used 7168K, committed 7360K, reserved 1048576K
}
Event: 47.005 GC heap after
{Heap after GC invocations=37 (full 0):
 garbage-first heap   total 89088K, used 52367K [0x0000000080000000, 0x0000000100000000)
  region size 1024K, 1 young (1024K), 1 survivors (1024K)
 Metaspace       used 54465K, committed 54912K, reserved 1097728K
  class space    used 7168K, committed 7360K, reserved 1048576K
}
Event: 49.291 GC heap before
{Heap before GC invocations=38 (full 0):
 garbage-first heap   total 91136K, used 62607K [0x0000000080000000, 0x0000000100000000)
  region size 1024K, 12 young (12288K), 1 survivors (1024K)
 Metaspace       used 56004K, committed 56512K, reserved 1105920K
  class space    used 7395K, committed 7616K, reserved 1048576K
}
Event: 49.298 GC heap after
{Heap after GC invocations=39 (full 0):
 garbage-first heap   total 91136K, used 52880K [0x0000000080000000, 0x0000000100000000)
  region size 1024K, 1 young (1024K), 1 survivors (1024K)
 Metaspace       used 56004K, committed 56512K, reserved 1105920K
  class space    used 7395K, committed 7616K, reserved 1048576K
}
Event: 50.752 GC heap before
{Heap before GC invocations=39 (full 0):
 garbage-first heap   total 91136K, used 66192K [0x0000000080000000, 0x0000000100000000)
  region size 1024K, 14 young (14336K), 1 survivors (1024K)
 Metaspace       used 58495K, committed 58880K, reserved 1105920K
  class space    used 7684K, committed 7872K, reserved 1048576K
}
Event: 50.759 GC heap after
{Heap after GC invocations=40 (full 0):
 garbage-first heap   total 91136K, used 53179K [0x0000000080000000, 0x0000000100000000)
  region size 1024K, 2 young (2048K), 2 survivors (2048K)
 Metaspace       used 58495K, committed 58880K, reserved 1105920K
  class space    used 7684K, committed 7872K, reserved 1048576K
}
Event: 54.355 GC heap before
{Heap before GC invocations=41 (full 0):
 garbage-first heap   total 92160K, used 67515K [0x0000000080000000, 0x0000000100000000)
  region size 1024K, 16 young (16384K), 2 survivors (2048K)
 Metaspace       used 61020K, committed 61504K, reserved 1105920K
  class space    used 8045K, committed 8256K, reserved 1048576K
}
Event: 54.367 GC heap after
{Heap after GC invocations=42 (full 0):
 garbage-first heap   total 92160K, used 54197K [0x0000000080000000, 0x0000000100000000)
  region size 1024K, 2 young (2048K), 2 survivors (2048K)
 Metaspace       used 61020K, committed 61504K, reserved 1105920K
  class space    used 8045K, committed 8256K, reserved 1048576K
}
Event: 55.926 GC heap before
{Heap before GC invocations=42 (full 0):
 garbage-first heap   total 92160K, used 63413K [0x0000000080000000, 0x0000000100000000)
  region size 1024K, 12 young (12288K), 2 survivors (2048K)
 Metaspace       used 63047K, committed 63616K, reserved 1105920K
  class space    used 8294K, committed 8576K, reserved 1048576K
}
Event: 55.936 GC heap after
{Heap after GC invocations=43 (full 0):
 garbage-first heap   total 92160K, used 55667K [0x0000000080000000, 0x0000000100000000)
  region size 1024K, 3 young (3072K), 3 survivors (3072K)
 Metaspace       used 63047K, committed 63616K, reserved 1105920K
  class space    used 8294K, committed 8576K, reserved 1048576K
}
Event: 56.108 GC heap before
{Heap before GC invocations=44 (full 0):
 garbage-first heap   total 94208K, used 59763K [0x0000000080000000, 0x0000000100000000)
  region size 1024K, 7 young (7168K), 3 survivors (3072K)
 Metaspace       used 63047K, committed 63616K, reserved 1105920K
  class space    used 8294K, committed 8576K, reserved 1048576K
}
Event: 56.120 GC heap after
{Heap after GC invocations=45 (full 0):
 garbage-first heap   total 94208K, used 58247K [0x0000000080000000, 0x0000000100000000)
  region size 1024K, 3 young (3072K), 3 survivors (3072K)
 Metaspace       used 63047K, committed 63616K, reserved 1105920K
  class space    used 8294K, committed 8576K, reserved 1048576K
}
Event: 56.373 GC heap before
{Heap before GC invocations=46 (full 0):
 garbage-first heap   total 106496K, used 66439K [0x0000000080000000, 0x0000000100000000)
  region size 1024K, 9 young (9216K), 3 survivors (3072K)
 Metaspace       used 63051K, committed 63616K, reserved 1105920K
  class space    used 8294K, committed 8576K, reserved 1048576K
}
Event: 56.384 GC heap after
{Heap after GC invocations=47 (full 0):
 garbage-first heap   total 106496K, used 61839K [0x0000000080000000, 0x0000000100000000)
  region size 1024K, 2 young (2048K), 2 survivors (2048K)
 Metaspace       used 63051K, committed 63616K, reserved 1105920K
  class space    used 8294K, committed 8576K, reserved 1048576K
}
Event: 58.433 GC heap before
{Heap before GC invocations=48 (full 0):
 garbage-first heap   total 112640K, used 79247K [0x0000000080000000, 0x0000000100000000)
  region size 1024K, 17 young (17408K), 2 survivors (2048K)
 Metaspace       used 64705K, committed 65216K, reserved 1105920K
  class space    used 8497K, committed 8768K, reserved 1048576K
}
Event: 58.440 GC heap after
{Heap after GC invocations=49 (full 0):
 garbage-first heap   total 112640K, used 61626K [0x0000000080000000, 0x0000000100000000)
  region size 1024K, 2 young (2048K), 2 survivors (2048K)
 Metaspace       used 64705K, committed 65216K, reserved 1105920K
  class space    used 8497K, committed 8768K, reserved 1048576K
}

