# JRE version: OpenJDK Runtime Environment (17.0.6) (build 17.0.6+0-b2043.56-9586694)
# Java VM: OpenJDK 64-Bit Server VM (17.0.6+0-b2043.56-9586694, mixed mode, tiered, compressed oops, compressed class ptrs, g1 gc, windows-amd64)
GC Precious Log:
 CPUs: 2 total, 2 available
 Memory: 7055M
 Large Page Support: Disabled
 NUMA Support: Disabled
 Compressed Oops: Enabled (32-bit)
 Heap Region Size: 1M
 Heap Min Capacity: 8M
 Heap Initial Capacity: 112M
 Heap Max Capacity: 2G
 Pre-touch: Disabled
 Parallel Workers: 2
 Concurrent Workers: 1
 Concurrent Refinement Workers: 2
 Periodic GC: Disabled
Heap:
 garbage-first heap   total 132096K, used 83968K [0x0000000080000000, 0x0000000100000000)
  region size 1024K, 4 young (4096K), 4 survivors (4096K)
 Metaspace       used 87244K, committed 87808K, reserved 1130496K
  class space    used 11827K, committed 12096K, reserved 1048576K
GC Heap History (20 events):
Event: 77.193 GC heap after
{Heap after GC invocations=51 (full 0):
 garbage-first heap   total 132096K, used 63339K [0x0000000080000000, 0x0000000100000000)
  region size 1024K, 2 young (2048K), 2 survivors (2048K)
 Metaspace       used 68587K, committed 69056K, reserved 1114112K
  class space    used 9004K, committed 9216K, reserved 1048576K
}
Event: 77.602 GC heap before
{Heap before GC invocations=51 (full 0):
 garbage-first heap   total 132096K, used 67435K [0x0000000080000000, 0x0000000100000000)
  region size 1024K, 6 young (6144K), 2 survivors (2048K)
 Metaspace       used 68879K, committed 69376K, reserved 1114112K
  class space    used 9057K, committed 9280K, reserved 1048576K
}
Event: 77.609 GC heap after
{Heap after GC invocations=52 (full 0):
 garbage-first heap   total 132096K, used 62606K [0x0000000080000000, 0x0000000100000000)
  region size 1024K, 1 young (1024K), 1 survivors (1024K)
 Metaspace       used 68879K, committed 69376K, reserved 1114112K
  class space    used 9057K, committed 9280K, reserved 1048576K
}
Event: 81.589 GC heap before
{Heap before GC invocations=52 (full 0):
 garbage-first heap   total 132096K, used 98446K [0x0000000080000000, 0x0000000100000000)
  region size 1024K, 36 young (36864K), 1 survivors (1024K)
 Metaspace       used 71058K, committed 71616K, reserved 1114112K
  class space    used 9348K, committed 9600K, reserved 1048576K
}
Event: 81.608 GC heap after
{Heap after GC invocations=53 (full 0):
 garbage-first heap   total 132096K, used 64946K [0x0000000080000000, 0x0000000100000000)
  region size 1024K, 3 young (3072K), 3 survivors (3072K)
 Metaspace       used 71058K, committed 71616K, reserved 1114112K
  class space    used 9348K, committed 9600K, reserved 1048576K
}
Event: 85.264 GC heap before
{Heap before GC invocations=54 (full 0):
 garbage-first heap   total 132096K, used 100786K [0x0000000080000000, 0x0000000100000000)
  region size 1024K, 39 young (39936K), 3 survivors (3072K)
 Metaspace       used 73196K, committed 73728K, reserved 1114112K
  class space    used 9670K, committed 9920K, reserved 1048576K
}
Event: 85.288 GC heap after
{Heap after GC invocations=55 (full 0):
 garbage-first heap   total 132096K, used 66872K [0x0000000080000000, 0x0000000100000000)
  region size 1024K, 5 young (5120K), 5 survivors (5120K)
 Metaspace       used 73196K, committed 73728K, reserved 1114112K
  class space    used 9670K, committed 9920K, reserved 1048576K
}
Event: 89.073 GC heap before
{Heap before GC invocations=55 (full 0):
 garbage-first heap   total 132096K, used 103736K [0x0000000080000000, 0x0000000100000000)
  region size 1024K, 41 young (41984K), 5 survivors (5120K)
 Metaspace       used 77491K, committed 78080K, reserved 1122304K
  class space    used 10450K, committed 10688K, reserved 1048576K
}
Event: 89.104 GC heap after
{Heap after GC invocations=56 (full 0):
 garbage-first heap   total 132096K, used 69259K [0x0000000080000000, 0x0000000100000000)
  region size 1024K, 5 young (5120K), 5 survivors (5120K)
 Metaspace       used 77491K, committed 78080K, reserved 1122304K
  class space    used 10450K, committed 10688K, reserved 1048576K
}
Event: 94.174 GC heap before
{Heap before GC invocations=57 (full 0):
 garbage-first heap   total 132096K, used 105099K [0x0000000080000000, 0x0000000100000000)
  region size 1024K, 40 young (40960K), 5 survivors (5120K)
 Metaspace       used 80712K, committed 81280K, reserved 1122304K
  class space    used 10904K, committed 11136K, reserved 1048576K
}
Event: 94.223 GC heap after
{Heap after GC invocations=58 (full 0):
 garbage-first heap   total 132096K, used 72409K [0x0000000080000000, 0x0000000100000000)
  region size 1024K, 5 young (5120K), 5 survivors (5120K)
 Metaspace       used 80712K, committed 81280K, reserved 1122304K
  class space    used 10904K, committed 11136K, reserved 1048576K
}
Event: 94.335 GC heap before
{Heap before GC invocations=58 (full 0):
 garbage-first heap   total 132096K, used 72409K [0x0000000080000000, 0x0000000100000000)
  region size 1024K, 6 young (6144K), 5 survivors (5120K)
 Metaspace       used 80875K, committed 81472K, reserved 1122304K
  class space    used 10928K, committed 11200K, reserved 1048576K
}
Event: 94.366 GC heap after
{Heap after GC invocations=59 (full 0):
 garbage-first heap   total 132096K, used 72946K [0x0000000080000000, 0x0000000100000000)
  region size 1024K, 1 young (1024K), 1 survivors (1024K)
 Metaspace       used 80875K, committed 81472K, reserved 1122304K
  class space    used 10928K, committed 11200K, reserved 1048576K
}
Event: 98.924 GC heap before
{Heap before GC invocations=59 (full 0):
 garbage-first heap   total 132096K, used 106738K [0x0000000080000000, 0x0000000100000000)
  region size 1024K, 34 young (34816K), 1 survivors (1024K)
 Metaspace       used 85628K, committed 86208K, reserved 1130496K
  class space    used 11609K, committed 11904K, reserved 1048576K
}
Event: 98.945 GC heap after
{Heap after GC invocations=60 (full 0):
 garbage-first heap   total 132096K, used 75140K [0x0000000080000000, 0x0000000100000000)
  region size 1024K, 4 young (4096K), 4 survivors (4096K)
 Metaspace       used 85628K, committed 86208K, reserved 1130496K
  class space    used 11609K, committed 11904K, reserved 1048576K
}
Event: 101.651 GC heap before
{Heap before GC invocations=61 (full 0):
 garbage-first heap   total 132096K, used 106884K [0x0000000080000000, 0x0000000100000000)
  region size 1024K, 35 young (35840K), 4 survivors (4096K)
 Metaspace       used 87169K, committed 87744K, reserved 1130496K
  class space    used 11821K, committed 12096K, reserved 1048576K
}
Event: 101.675 GC heap after
{Heap after GC invocations=62 (full 0):
 garbage-first heap   total 132096K, used 78546K [0x0000000080000000, 0x0000000100000000)
  region size 1024K, 4 young (4096K), 4 survivors (4096K)
 Metaspace       used 87169K, committed 87744K, reserved 1130496K
  class space    used 11821K, committed 12096K, reserved 1048576K
}
Event: 101.710 GC heap before
{Heap before GC invocations=62 (full 0):
 garbage-first heap   total 132096K, used 80594K [0x0000000080000000, 0x0000000100000000)
  region size 1024K, 6 young (6144K), 4 survivors (4096K)
 Metaspace       used 87170K, committed 87744K, reserved 1130496K
  class space    used 11821K, committed 12096K, reserved 1048576K
}
Event: 101.727 GC heap after
{Heap after GC invocations=63 (full 0):
 garbage-first heap   total 132096K, used 78907K [0x0000000080000000, 0x0000000100000000)
  region size 1024K, 1 young (1024K), 1 survivors (1024K)
 Metaspace       used 87170K, committed 87744K, reserved 1130496K
  class space    used 11821K, committed 12096K, reserved 1048576K
}
Event: 103.052 GC heap before
{Heap before GC invocations=63 (full 0):
 garbage-first heap   total 132096K, used 108603K [0x0000000080000000, 0x0000000100000000)
  region size 1024K, 30 young (30720K), 1 survivors (1024K)
 Metaspace       used 87244K, committed 87808K, reserved 1130496K
  class space    used 11827K, committed 12096K, reserved 1048576K
}

