# JRE version: OpenJDK Runtime Environment (17.0.6) (build 17.0.6+0-b2043.56-9586694)
# Java VM: OpenJDK 64-Bit Server VM (17.0.6+0-b2043.56-9586694, mixed mode, tiered, compressed oops, compressed class ptrs, g1 gc, windows-amd64)
GC Precious Log:
 CPUs: 2 total, 2 available
 Memory: 7055M
 Large Page Support: Disabled
 NUMA Support: Disabled
 Compressed Oops: Enabled (32-bit)
 Heap Region Size: 1M
 Heap Min Capacity: 8M
 Heap Initial Capacity: 112M
 Heap Max Capacity: 1764M
 Pre-touch: Disabled
 Parallel Workers: 2
 Concurrent Workers: 1
 Concurrent Refinement Workers: 2
 Periodic GC: Disabled
Heap:
 garbage-first heap   total 83968K, used 39821K [0x0000000091c00000, 0x0000000100000000)
  region size 1024K, 2 young (2048K), 2 survivors (2048K)
 Metaspace       used 55445K, committed 55744K, reserved 1105920K
  class space    used 6598K, committed 6720K, reserved 1048576K
GC Heap History (20 events):
Event: 36.648 GC heap after
{Heap after GC invocations=13 (full 0):
 garbage-first heap   total 54272K, used 26284K [0x0000000091c00000, 0x0000000100000000)
  region size 1024K, 2 young (2048K), 2 survivors (2048K)
 Metaspace       used 41351K, committed 41664K, reserved 1089536K
  class space    used 5016K, committed 5184K, reserved 1048576K
}
Event: 38.554 GC heap before
{Heap before GC invocations=13 (full 0):
 garbage-first heap   total 54272K, used 40620K [0x0000000091c00000, 0x0000000100000000)
  region size 1024K, 16 young (16384K), 2 survivors (2048K)
 Metaspace       used 44460K, committed 44736K, reserved 1089536K
  class space    used 5350K, committed 5504K, reserved 1048576K
}
Event: 38.592 GC heap after
{Heap after GC invocations=14 (full 0):
 garbage-first heap   total 54272K, used 27467K [0x0000000091c00000, 0x0000000100000000)
  region size 1024K, 2 young (2048K), 2 survivors (2048K)
 Metaspace       used 44460K, committed 44736K, reserved 1089536K
  class space    used 5350K, committed 5504K, reserved 1048576K
}
Event: 44.763 GC heap before
{Heap before GC invocations=15 (full 0):
 garbage-first heap   total 54272K, used 40779K [0x0000000091c00000, 0x0000000100000000)
  region size 1024K, 15 young (15360K), 2 survivors (2048K)
 Metaspace       used 48208K, committed 48448K, reserved 1097728K
  class space    used 5782K, committed 5888K, reserved 1048576K
}
Event: 44.778 GC heap after
{Heap after GC invocations=16 (full 0):
 garbage-first heap   total 54272K, used 29108K [0x0000000091c00000, 0x0000000100000000)
  region size 1024K, 2 young (2048K), 2 survivors (2048K)
 Metaspace       used 48208K, committed 48448K, reserved 1097728K
  class space    used 5782K, committed 5888K, reserved 1048576K
}
Event: 44.796 GC heap before
{Heap before GC invocations=16 (full 0):
 garbage-first heap   total 54272K, used 30132K [0x0000000091c00000, 0x0000000100000000)
  region size 1024K, 3 young (3072K), 2 survivors (2048K)
 Metaspace       used 48209K, committed 48448K, reserved 1097728K
  class space    used 5782K, committed 5888K, reserved 1048576K
}
Event: 44.812 GC heap after
{Heap after GC invocations=17 (full 0):
 garbage-first heap   total 54272K, used 29010K [0x0000000091c00000, 0x0000000100000000)
  region size 1024K, 1 young (1024K), 1 survivors (1024K)
 Metaspace       used 48209K, committed 48448K, reserved 1097728K
  class space    used 5782K, committed 5888K, reserved 1048576K
}
Event: 46.436 GC heap before
{Heap before GC invocations=17 (full 0):
 garbage-first heap   total 54272K, used 34130K [0x0000000091c00000, 0x0000000100000000)
  region size 1024K, 7 young (7168K), 1 survivors (1024K)
 Metaspace       used 49271K, committed 49600K, reserved 1097728K
  class space    used 5880K, committed 6016K, reserved 1048576K
}
Event: 46.458 GC heap after
{Heap after GC invocations=18 (full 0):
 garbage-first heap   total 54272K, used 29691K [0x0000000091c00000, 0x0000000100000000)
  region size 1024K, 2 young (2048K), 2 survivors (2048K)
 Metaspace       used 49271K, committed 49600K, reserved 1097728K
  class space    used 5880K, committed 6016K, reserved 1048576K
}
Event: 48.456 GC heap before
{Heap before GC invocations=19 (full 0):
 garbage-first heap   total 54272K, used 43003K [0x0000000091c00000, 0x0000000100000000)
  region size 1024K, 14 young (14336K), 2 survivors (2048K)
 Metaspace       used 50786K, committed 51008K, reserved 1097728K
  class space    used 6039K, committed 6144K, reserved 1048576K
}
Event: 48.503 GC heap after
{Heap after GC invocations=20 (full 0):
 garbage-first heap   total 54272K, used 34661K [0x0000000091c00000, 0x0000000100000000)
  region size 1024K, 2 young (2048K), 2 survivors (2048K)
 Metaspace       used 50786K, committed 51008K, reserved 1097728K
  class space    used 6039K, committed 6144K, reserved 1048576K
}
Event: 49.814 GC heap before
{Heap before GC invocations=20 (full 0):
 garbage-first heap   total 54272K, used 36709K [0x0000000091c00000, 0x0000000100000000)
  region size 1024K, 6 young (6144K), 2 survivors (2048K)
 Metaspace       used 50928K, committed 51200K, reserved 1097728K
  class space    used 6049K, committed 6208K, reserved 1048576K
}
Event: 49.830 GC heap after
{Heap after GC invocations=21 (full 0):
 garbage-first heap   total 54272K, used 35554K [0x0000000091c00000, 0x0000000100000000)
  region size 1024K, 1 young (1024K), 1 survivors (1024K)
 Metaspace       used 50928K, committed 51200K, reserved 1097728K
  class space    used 6049K, committed 6208K, reserved 1048576K
}
Event: 50.391 GC heap before
{Heap before GC invocations=22 (full 0):
 garbage-first heap   total 60416K, used 42722K [0x0000000091c00000, 0x0000000100000000)
  region size 1024K, 8 young (8192K), 1 survivors (1024K)
 Metaspace       used 50986K, committed 51328K, reserved 1097728K
  class space    used 6049K, committed 6208K, reserved 1048576K
}
Event: 50.403 GC heap after
{Heap after GC invocations=23 (full 0):
 garbage-first heap   total 60416K, used 37507K [0x0000000091c00000, 0x0000000100000000)
  region size 1024K, 1 young (1024K), 1 survivors (1024K)
 Metaspace       used 50986K, committed 51328K, reserved 1097728K
  class space    used 6049K, committed 6208K, reserved 1048576K
}
Event: 50.678 GC heap before
{Heap before GC invocations=23 (full 0):
 garbage-first heap   total 60416K, used 46723K [0x0000000091c00000, 0x0000000100000000)
  region size 1024K, 11 young (11264K), 1 survivors (1024K)
 Metaspace       used 51024K, committed 51392K, reserved 1097728K
  class space    used 6049K, committed 6208K, reserved 1048576K
}
Event: 50.694 GC heap after
{Heap after GC invocations=24 (full 0):
 garbage-first heap   total 60416K, used 37401K [0x0000000091c00000, 0x0000000100000000)
  region size 1024K, 1 young (1024K), 1 survivors (1024K)
 Metaspace       used 51024K, committed 51392K, reserved 1097728K
  class space    used 6049K, committed 6208K, reserved 1048576K
}
Event: 51.808 GC heap before
{Heap before GC invocations=25 (full 0):
 garbage-first heap   total 65536K, used 46617K [0x0000000091c00000, 0x0000000100000000)
  region size 1024K, 11 young (11264K), 1 survivors (1024K)
 Metaspace       used 51851K, committed 52160K, reserved 1097728K
  class space    used 6151K, committed 6272K, reserved 1048576K
}
Event: 51.823 GC heap after
{Heap after GC invocations=26 (full 0):
 garbage-first heap   total 65536K, used 38285K [0x0000000091c00000, 0x0000000100000000)
  region size 1024K, 2 young (2048K), 2 survivors (2048K)
 Metaspace       used 51851K, committed 52160K, reserved 1097728K
  class space    used 6151K, committed 6272K, reserved 1048576K
}
Event: 54.518 GC heap before
{Heap before GC invocations=26 (full 0):
 garbage-first heap   total 65536K, used 50573K [0x0000000091c00000, 0x0000000100000000)
  region size 1024K, 15 young (15360K), 2 survivors (2048K)
 Metaspace       used 55445K, committed 55744K, reserved 1105920K
  class space    used 6598K, committed 6720K, reserved 1048576K
}

