# JRE version: OpenJDK Runtime Environment (17.0.6) (build 17.0.6+0-b2043.56-9586694)
# Java VM: OpenJDK 64-Bit Server VM (17.0.6+0-b2043.56-9586694, mixed mode, tiered, compressed oops, compressed class ptrs, g1 gc, windows-amd64)
GC Precious Log:
 CPUs: 2 total, 2 available
 Memory: 7055M
 Large Page Support: Disabled
 NUMA Support: Disabled
 Compressed Oops: Enabled (32-bit)
 Heap Region Size: 1M
 Heap Min Capacity: 8M
 Heap Initial Capacity: 112M
 Heap Max Capacity: 2G
 Pre-touch: Disabled
 Parallel Workers: 2
 Concurrent Workers: 1
 Concurrent Refinement Workers: 2
 Periodic GC: Disabled
Heap:
 garbage-first heap   total 245760K, used 139577K [0x0000000080000000, 0x0000000100000000)
  region size 1024K, 52 young (53248K), 1 survivors (1024K)
 Metaspace       used 90282K, committed 90944K, reserved 1130496K
  class space    used 12268K, committed 12544K, reserved 1048576K
GC Heap History (20 events):
Event: 67.495 GC heap before
{Heap before GC invocations=51 (full 0):
 garbage-first heap   total 116736K, used 94845K [0x0000000080000000, 0x0000000100000000)
  region size 1024K, 26 young (26624K), 1 survivors (1024K)
 Metaspace       used 80399K, committed 81024K, reserved 1122304K
  class space    used 10845K, committed 11136K, reserved 1048576K
}
Event: 67.507 GC heap after
{Heap after GC invocations=52 (full 0):
 garbage-first heap   total 116736K, used 71069K [0x0000000080000000, 0x0000000100000000)
  region size 1024K, 3 young (3072K), 3 survivors (3072K)
 Metaspace       used 80399K, committed 81024K, reserved 1122304K
  class space    used 10845K, committed 11136K, reserved 1048576K
}
Event: 69.683 GC heap before
{Heap before GC invocations=52 (full 0):
 garbage-first heap   total 116736K, used 94621K [0x0000000080000000, 0x0000000100000000)
  region size 1024K, 26 young (26624K), 3 survivors (3072K)
 Metaspace       used 84370K, committed 84992K, reserved 1122304K
  class space    used 11431K, committed 11712K, reserved 1048576K
}
Event: 69.700 GC heap after
{Heap after GC invocations=53 (full 0):
 garbage-first heap   total 116736K, used 72877K [0x0000000080000000, 0x0000000100000000)
  region size 1024K, 2 young (2048K), 2 survivors (2048K)
 Metaspace       used 84370K, committed 84992K, reserved 1122304K
  class space    used 11431K, committed 11712K, reserved 1048576K
}
Event: 71.688 GC heap before
{Heap before GC invocations=53 (full 0):
 garbage-first heap   total 116736K, used 95405K [0x0000000080000000, 0x0000000100000000)
  region size 1024K, 25 young (25600K), 2 survivors (2048K)
 Metaspace       used 86048K, committed 86592K, reserved 1130496K
  class space    used 11646K, committed 11904K, reserved 1048576K
}
Event: 71.705 GC heap after
{Heap after GC invocations=54 (full 0):
 garbage-first heap   total 116736K, used 75477K [0x0000000080000000, 0x0000000100000000)
  region size 1024K, 4 young (4096K), 4 survivors (4096K)
 Metaspace       used 86048K, committed 86592K, reserved 1130496K
  class space    used 11646K, committed 11904K, reserved 1048576K
}
Event: 73.108 GC heap before
{Heap before GC invocations=55 (full 0):
 garbage-first heap   total 128000K, used 95957K [0x0000000080000000, 0x0000000100000000)
  region size 1024K, 24 young (24576K), 4 survivors (4096K)
 Metaspace       used 87016K, committed 87552K, reserved 1130496K
  class space    used 11788K, committed 12032K, reserved 1048576K
}
Event: 73.133 GC heap after
{Heap after GC invocations=56 (full 0):
 garbage-first heap   total 128000K, used 78256K [0x0000000080000000, 0x0000000100000000)
  region size 1024K, 3 young (3072K), 3 survivors (3072K)
 Metaspace       used 87016K, committed 87552K, reserved 1130496K
  class space    used 11788K, committed 12032K, reserved 1048576K
}
Event: 73.230 GC heap before
{Heap before GC invocations=56 (full 0):
 garbage-first heap   total 128000K, used 81328K [0x0000000080000000, 0x0000000100000000)
  region size 1024K, 6 young (6144K), 3 survivors (3072K)
 Metaspace       used 87017K, committed 87552K, reserved 1130496K
  class space    used 11788K, committed 12032K, reserved 1048576K
}
Event: 73.252 GC heap after
{Heap after GC invocations=57 (full 0):
 garbage-first heap   total 128000K, used 78610K [0x0000000080000000, 0x0000000100000000)
  region size 1024K, 1 young (1024K), 1 survivors (1024K)
 Metaspace       used 87017K, committed 87552K, reserved 1130496K
  class space    used 11788K, committed 12032K, reserved 1048576K
}
Event: 74.033 GC heap before
{Heap before GC invocations=57 (full 0):
 garbage-first heap   total 128000K, used 105234K [0x0000000080000000, 0x0000000100000000)
  region size 1024K, 27 young (27648K), 1 survivors (1024K)
 Metaspace       used 87088K, committed 87616K, reserved 1130496K
  class space    used 11793K, committed 12032K, reserved 1048576K
}
Event: 74.049 GC heap after
{Heap after GC invocations=58 (full 0):
 garbage-first heap   total 128000K, used 83248K [0x0000000080000000, 0x0000000100000000)
  region size 1024K, 4 young (4096K), 4 survivors (4096K)
 Metaspace       used 87088K, committed 87616K, reserved 1130496K
  class space    used 11793K, committed 12032K, reserved 1048576K
}
Event: 78.237 GC heap before
{Heap before GC invocations=58 (full 0):
 garbage-first heap   total 128000K, used 105776K [0x0000000080000000, 0x0000000100000000)
  region size 1024K, 26 young (26624K), 4 survivors (4096K)
 Metaspace       used 88869K, committed 89472K, reserved 1130496K
  class space    used 12130K, committed 12416K, reserved 1048576K
}
Event: 78.263 GC heap after
{Heap after GC invocations=59 (full 0):
 garbage-first heap   total 128000K, used 86433K [0x0000000080000000, 0x0000000100000000)
  region size 1024K, 3 young (3072K), 3 survivors (3072K)
 Metaspace       used 88869K, committed 89472K, reserved 1130496K
  class space    used 12130K, committed 12416K, reserved 1048576K
}
Event: 85.098 GC heap before
{Heap before GC invocations=59 (full 0):
 garbage-first heap   total 128000K, used 105889K [0x0000000080000000, 0x0000000100000000)
  region size 1024K, 23 young (23552K), 3 survivors (3072K)
 Metaspace       used 89353K, committed 89920K, reserved 1130496K
  class space    used 12194K, committed 12416K, reserved 1048576K
}
Event: 85.115 GC heap after
{Heap after GC invocations=60 (full 0):
 garbage-first heap   total 128000K, used 88230K [0x0000000080000000, 0x0000000100000000)
  region size 1024K, 2 young (2048K), 2 survivors (2048K)
 Metaspace       used 89353K, committed 89920K, reserved 1130496K
  class space    used 12194K, committed 12416K, reserved 1048576K
}
Event: 86.550 GC heap before
{Heap before GC invocations=61 (full 0):
 garbage-first heap   total 150528K, used 105638K [0x0000000080000000, 0x0000000100000000)
  region size 1024K, 20 young (20480K), 2 survivors (2048K)
 Metaspace       used 89504K, committed 90112K, reserved 1130496K
  class space    used 12200K, committed 12480K, reserved 1048576K
}
Event: 86.569 GC heap after
{Heap after GC invocations=62 (full 0):
 garbage-first heap   total 150528K, used 89469K [0x0000000080000000, 0x0000000100000000)
  region size 1024K, 2 young (2048K), 2 survivors (2048K)
 Metaspace       used 89504K, committed 90112K, reserved 1130496K
  class space    used 12200K, committed 12480K, reserved 1048576K
}
Event: 87.101 GC heap before
{Heap before GC invocations=62 (full 0):
 garbage-first heap   total 150528K, used 93565K [0x0000000080000000, 0x0000000100000000)
  region size 1024K, 7 young (7168K), 2 survivors (2048K)
 Metaspace       used 89583K, committed 90176K, reserved 1130496K
  class space    used 12200K, committed 12480K, reserved 1048576K
}
Event: 87.124 GC heap after
{Heap after GC invocations=63 (full 0):
 garbage-first heap   total 245760K, used 89401K [0x0000000080000000, 0x0000000100000000)
  region size 1024K, 1 young (1024K), 1 survivors (1024K)
 Metaspace       used 89583K, committed 90176K, reserved 1130496K
  class space    used 12200K, committed 12480K, reserved 1048576K
}

